InnoDB: using atomic writes.
2021-02-23 12:48:51 0 [Note] InnoDB: Mutexes and rw_locks use Windows interlocked functions
2021-02-23 12:48:51 0 [Note] InnoDB: Uses event mutexes
2021-02-23 12:48:51 0 [Note] InnoDB: Compressed tables use zlib 1.2.11
2021-02-23 12:48:51 0 [Note] InnoDB: Number of pools: 1
2021-02-23 12:48:51 0 [Note] InnoDB: Using SSE2 crc32 instructions
2021-02-23 12:48:51 0 [Note] InnoDB: Initializing buffer pool, total size = 16M, instances = 1, chunk size = 16M
2021-02-23 12:48:51 0 [Note] InnoDB: Completed initialization of buffer pool
2021-02-23 12:48:51 0 [Note] InnoDB: Starting crash recovery from checkpoint LSN=300288
2021-02-23 12:48:52 0 [Note] InnoDB: 128 out of 128 rollback segments are active.
2021-02-23 12:48:52 0 [Note] InnoDB: Removed temporary tablespace data file: "ibtmp1"
2021-02-23 12:48:52 0 [Note] InnoDB: Creating shared tablespace for temporary tables
2021-02-23 12:48:52 0 [Note] InnoDB: Setting file 'C:\xampp\mysql\data\ibtmp1' size to 12 MB. Physically writing the file full; Please wait ...
2021-02-23 12:48:52 0 [Note] InnoDB: File 'C:\xampp\mysql\data\ibtmp1' size is now 12 MB.
2021-02-23 12:48:52 0 [Note] InnoDB: Waiting for purge to start
2021-02-23 12:48:52 0 [Note] InnoDB: 10.4.17 started; log sequence number 300297; transaction id 170
2021-02-23 12:48:52 0 [Note] InnoDB: Loading buffer pool(s) from C:\xampp\mysql\data\ib_buffer_pool
2021-02-23 12:48:52 0 [Note] Plugin 'FEEDBACK' is disabled.
2021-02-23 12:48:52 0 [Note] Server socket created on IP: '::'.
InnoDB: using atomic writes.
2021-05-09  0:15:24 0 [Note] InnoDB: Mutexes and rw_locks use Windows interlocked functions
2021-05-09  0:15:24 0 [Note] InnoDB: Uses event mutexes
2021-05-09  0:15:24 0 [Note] InnoDB: Compressed tables use zlib 1.2.11
2021-05-09  0:15:24 0 [Note] InnoDB: Number of pools: 1
2021-05-09  0:15:24 0 [Note] InnoDB: Using SSE2 crc32 instructions
2021-05-09  0:15:24 0 [Note] InnoDB: Initializing buffer pool, total size = 16M, instances = 1, chunk size = 16M
2021-05-09  0:15:24 0 [Note] InnoDB: Completed initialization of buffer pool
2021-05-09  0:15:24 0 [Note] InnoDB: Starting crash recovery from checkpoint LSN=300306
2021-05-09  0:15:25 0 [Note] InnoDB: 128 out of 128 rollback segments are active.
2021-05-09  0:15:25 0 [Note] InnoDB: Removed temporary tablespace data file: "ibtmp1"
2021-05-09  0:15:25 0 [Note] InnoDB: Creating shared tablespace for temporary tables
2021-05-09  0:15:25 0 [Note] InnoDB: Setting file 'C:\xampp\mysql\data\ibtmp1' size to 12 MB. Physically writing the file full; Please wait ...
2021-05-09  0:15:25 0 [Note] InnoDB: File 'C:\xampp\mysql\data\ibtmp1' size is now 12 MB.
2021-05-09  0:15:25 0 [Note] InnoDB: Waiting for purge to start
2021-05-09  0:15:25 0 [Note] InnoDB: 10.4.17 started; log sequence number 300315; transaction id 170
2021-05-09  0:15:25 0 [Note] Plugin 'FEEDBACK' is disabled.
2021-05-09  0:15:25 0 [Note] InnoDB: Loading buffer pool(s) from C:\xampp\mysql\data\ib_buffer_pool
2021-05-09  0:15:25 0 [Note] InnoDB: Buffer pool(s) load completed at 210509  0:15:25
2021-05-09  0:15:25 0 [Note] Server socket created on IP: '::'.
2021-05-14 15:37:14 0 [Note] mysqld.exe: Aria engine: starting recovery
recovered pages: 0% 13% 39% 60% 70% 100% (0.0 seconds); tables to flush: 1 0
 (0.0 seconds); 
2021-05-14 15:37:14 0 [Note] mysqld.exe: Aria engine: recovery done
InnoDB: using atomic writes.
2021-05-14 15:37:15 0 [Note] InnoDB: Mutexes and rw_locks use Windows interlocked functions
2021-05-14 15:37:15 0 [Note] InnoDB: Uses event mutexes
2021-05-14 15:37:15 0 [Note] InnoDB: Compressed tables use zlib 1.2.11
2021-05-14 15:37:15 0 [Note] InnoDB: Number of pools: 1
2021-05-14 15:37:15 0 [Note] InnoDB: Using SSE2 crc32 instructions
2021-05-14 15:37:15 0 [Note] InnoDB: Initializing buffer pool, total size = 16M, instances = 1, chunk size = 16M
2021-05-14 15:37:15 0 [Note] InnoDB: Completed initialization of buffer pool
2021-05-14 15:37:15 0 [Note] InnoDB: Starting crash recovery from checkpoint LSN=656666
2021-05-14 15:37:16 0 [Note] InnoDB: 128 out of 128 rollback segments are active.
2021-05-14 15:37:16 0 [Note] InnoDB: Removed temporary tablespace data file: "ibtmp1"
2021-05-14 15:37:16 0 [Note] InnoDB: Creating shared tablespace for temporary tables
2021-05-14 15:37:16 0 [Note] InnoDB: Setting file 'C:\xampp\mysql\data\ibtmp1' size to 12 MB. Physically writing the file full; Please wait ...
2021-05-14 15:37:16 0 [Note] InnoDB: File 'C:\xampp\mysql\data\ibtmp1' size is now 12 MB.
2021-05-14 15:37:16 0 [Note] InnoDB: Waiting for purge to start
2021-05-14 15:37:16 0 [Note] InnoDB: 10.4.17 started; log sequence number 656675; transaction id 1443
2021-05-14 15:37:16 0 [Note] InnoDB: Loading buffer pool(s) from C:\xampp\mysql\data\ib_buffer_pool
2021-05-14 15:37:16 0 [Note] Plugin 'FEEDBACK' is disabled.
2021-05-14 15:37:16 0 [Note] InnoDB: Buffer pool(s) load completed at 210514 15:37:16
2021-05-14 15:37:16 0 [Note] Server socket created on IP: '::'.
InnoDB: using atomic writes.
2021-06-17 21:13:35 0 [Note] InnoDB: Mutexes and rw_locks use Windows interlocked functions
2021-06-17 21:13:35 0 [Note] InnoDB: Uses event mutexes
2021-06-17 21:13:35 0 [Note] InnoDB: Compressed tables use zlib 1.2.11
2021-06-17 21:13:35 0 [Note] InnoDB: Number of pools: 1
2021-06-17 21:13:35 0 [Note] InnoDB: Using SSE2 crc32 instructions
2021-06-17 21:13:35 0 [Note] InnoDB: Initializing buffer pool, total size = 16M, instances = 1, chunk size = 16M
2021-06-17 21:13:35 0 [Note] InnoDB: Completed initialization of buffer pool
2021-06-17 21:13:35 0 [Note] InnoDB: Starting crash recovery from checkpoint LSN=1209978
2021-06-17 21:13:36 0 [Note] InnoDB: 128 out of 128 rollback segments are active.
2021-06-17 21:13:36 0 [Note] InnoDB: Removed temporary tablespace data file: "ibtmp1"
2021-06-17 21:13:36 0 [Note] InnoDB: Creating shared tablespace for temporary tables
2021-06-17 21:13:36 0 [Note] InnoDB: Setting file 'C:\xampp\mysql\data\ibtmp1' size to 12 MB. Physically writing the file full; Please wait ...
2021-06-17 21:13:36 0 [Note] InnoDB: File 'C:\xampp\mysql\data\ibtmp1' size is now 12 MB.
2021-06-17 21:13:36 0 [Note] InnoDB: Waiting for purge to start
2021-06-17 21:13:36 0 [Note] InnoDB: 10.4.17 started; log sequence number 1209987; transaction id 3858
2021-06-17 21:13:36 0 [Note] InnoDB: Loading buffer pool(s) from C:\xampp\mysql\data\ib_buffer_pool
2021-06-17 21:13:36 0 [Note] Plugin 'FEEDBACK' is disabled.
2021-06-17 21:13:36 0 [Note] InnoDB: Buffer pool(s) load completed at 210617 21:13:36
2021-06-17 21:13:36 0 [Note] Server socket created on IP: '::'.
InnoDB: using atomic writes.
2021-06-19 21:47:37 0 [Note] InnoDB: Mutexes and rw_locks use Windows interlocked functions
2021-06-19 21:47:37 0 [Note] InnoDB: Uses event mutexes
2021-06-19 21:47:37 0 [Note] InnoDB: Compressed tables use zlib 1.2.11
2021-06-19 21:47:37 0 [Note] InnoDB: Number of pools: 1
2021-06-19 21:47:37 0 [Note] InnoDB: Using SSE2 crc32 instructions
2021-06-19 21:47:37 0 [Note] InnoDB: Initializing buffer pool, total size = 16M, instances = 1, chunk size = 16M
2021-06-19 21:47:37 0 [Note] InnoDB: Completed initialization of buffer pool
2021-06-19 21:47:37 0 [Note] InnoDB: Starting crash recovery from checkpoint LSN=1209996
2021-06-19 21:47:38 0 [Note] InnoDB: 128 out of 128 rollback segments are active.
2021-06-19 21:47:38 0 [Note] InnoDB: Removed temporary tablespace data file: "ibtmp1"
2021-06-19 21:47:38 0 [Note] InnoDB: Creating shared tablespace for temporary tables
2021-06-19 21:47:38 0 [Note] InnoDB: Setting file 'C:\xampp\mysql\data\ibtmp1' size to 12 MB. Physically writing the file full; Please wait ...
2021-06-19 21:47:38 0 [Note] InnoDB: File 'C:\xampp\mysql\data\ibtmp1' size is now 12 MB.
2021-06-19 21:47:38 0 [Note] InnoDB: Waiting for purge to start
2021-06-19 21:47:38 0 [Note] InnoDB: 10.4.17 started; log sequence number 1210005; transaction id 3858
2021-06-19 21:47:38 0 [Note] InnoDB: Loading buffer pool(s) from C:\xampp\mysql\data\ib_buffer_pool
2021-06-19 21:47:38 0 [Note] Plugin 'FEEDBACK' is disabled.
2021-06-19 21:47:38 0 [Note] Server socket created on IP: '::'.
InnoDB: using atomic writes.
2021-12-08 21:14:55 0 [Note] InnoDB: Mutexes and rw_locks use Windows interlocked functions
2021-12-08 21:14:55 0 [Note] InnoDB: Uses event mutexes
2021-12-08 21:14:55 0 [Note] InnoDB: Compressed tables use zlib 1.2.11
2021-12-08 21:14:55 0 [Note] InnoDB: Number of pools: 1
2021-12-08 21:14:55 0 [Note] InnoDB: Using SSE2 crc32 instructions
2021-12-08 21:14:55 0 [Note] InnoDB: Initializing buffer pool, total size = 16M, instances = 1, chunk size = 16M
2021-12-08 21:14:55 0 [Note] InnoDB: Completed initialization of buffer pool
2021-12-08 21:14:55 0 [Note] InnoDB: Starting crash recovery from checkpoint LSN=1221006
2021-12-08 21:14:56 0 [Note] InnoDB: 128 out of 128 rollback segments are active.
2021-12-08 21:14:56 0 [Note] InnoDB: Removed temporary tablespace data file: "ibtmp1"
2021-12-08 21:14:56 0 [Note] InnoDB: Creating shared tablespace for temporary tables
2021-12-08 21:14:56 0 [Note] InnoDB: Setting file 'C:\xampp\mysql\data\ibtmp1' size to 12 MB. Physically writing the file full; Please wait ...
2021-12-08 21:14:56 0 [Note] InnoDB: File 'C:\xampp\mysql\data\ibtmp1' size is now 12 MB.
2021-12-08 21:14:56 0 [Note] InnoDB: Waiting for purge to start
2021-12-08 21:14:56 0 [Note] InnoDB: 10.4.17 started; log sequence number 1221015; transaction id 3931
2021-12-08 21:14:56 0 [Note] InnoDB: Loading buffer pool(s) from C:\xampp\mysql\data\ib_buffer_pool
2021-12-08 21:14:56 0 [Note] Plugin 'FEEDBACK' is disabled.
2021-12-08 21:14:57 0 [Note] InnoDB: Buffer pool(s) load completed at 211208 21:14:57
2021-12-08 21:14:57 0 [Note] Server socket created on IP: '::'.
InnoDB: using atomic writes.
2022-02-07 16:38:16 0 [Note] InnoDB: Mutexes and rw_locks use Windows interlocked functions
2022-02-07 16:38:16 0 [Note] InnoDB: Uses event mutexes
2022-02-07 16:38:16 0 [Note] InnoDB: Compressed tables use zlib 1.2.11
2022-02-07 16:38:16 0 [Note] InnoDB: Number of pools: 1
2022-02-07 16:38:16 0 [Note] InnoDB: Using SSE2 crc32 instructions
2022-02-07 16:38:16 0 [Note] InnoDB: Initializing buffer pool, total size = 16M, instances = 1, chunk size = 16M
2022-02-07 16:38:16 0 [Note] InnoDB: Completed initialization of buffer pool
2022-02-07 16:38:16 0 [Note] InnoDB: Starting crash recovery from checkpoint LSN=1221024
2022-02-07 16:38:17 0 [Note] InnoDB: 128 out of 128 rollback segments are active.
2022-02-07 16:38:17 0 [Note] InnoDB: Removed temporary tablespace data file: "ibtmp1"
2022-02-07 16:38:17 0 [Note] InnoDB: Creating shared tablespace for temporary tables
2022-02-07 16:38:17 0 [Note] InnoDB: Setting file 'C:\xampp\mysql\data\ibtmp1' size to 12 MB. Physically writing the file full; Please wait ...
2022-02-07 16:38:17 0 [Note] InnoDB: File 'C:\xampp\mysql\data\ibtmp1' size is now 12 MB.
2022-02-07 16:38:17 0 [Note] InnoDB: Waiting for purge to start
2022-02-07 16:38:17 0 [Note] InnoDB: 10.4.17 started; log sequence number 1221033; transaction id 3931
2022-02-07 16:38:17 0 [Note] InnoDB: Loading buffer pool(s) from C:\xampp\mysql\data\ib_buffer_pool
2022-02-07 16:38:17 0 [Note] Plugin 'FEEDBACK' is disabled.
2022-02-07 16:38:17 0 [Note] InnoDB: Buffer pool(s) load completed at 220207 16:38:17
2022-02-07 16:38:17 0 [Note] Server socket created on IP: '::'.
InnoDB: using atomic writes.
2022-02-13  9:15:53 0 [Note] InnoDB: Mutexes and rw_locks use Windows interlocked functions
2022-02-13  9:15:53 0 [Note] InnoDB: Uses event mutexes
2022-02-13  9:15:53 0 [Note] InnoDB: Compressed tables use zlib 1.2.11
2022-02-13  9:15:53 0 [Note] InnoDB: Number of pools: 1
2022-02-13  9:15:53 0 [Note] InnoDB: Using SSE2 crc32 instructions
2022-02-13  9:15:53 0 [Note] InnoDB: Initializing buffer pool, total size = 16M, instances = 1, chunk size = 16M
2022-02-13  9:15:53 0 [Note] InnoDB: Completed initialization of buffer pool
2022-02-13  9:15:53 0 [Note] InnoDB: Starting crash recovery from checkpoint LSN=1238940
2022-02-13  9:15:54 0 [Note] InnoDB: 128 out of 128 rollback segments are active.
2022-02-13  9:15:54 0 [Note] InnoDB: Removed temporary tablespace data file: "ibtmp1"
2022-02-13  9:15:54 0 [Note] InnoDB: Creating shared tablespace for temporary tables
2022-02-13  9:15:54 0 [Note] InnoDB: Setting file 'C:\xampp\mysql\data\ibtmp1' size to 12 MB. Physically writing the file full; Please wait ...
2022-02-13  9:15:54 0 [Note] InnoDB: File 'C:\xampp\mysql\data\ibtmp1' size is now 12 MB.
2022-02-13  9:15:54 0 [Note] InnoDB: Waiting for purge to start
2022-02-13  9:15:54 0 [Note] InnoDB: 10.4.17 started; log sequence number 1238949; transaction id 4019
2022-02-13  9:15:54 0 [Note] InnoDB: Loading buffer pool(s) from C:\xampp\mysql\data\ib_buffer_pool
2022-02-13  9:15:54 0 [Note] Plugin 'FEEDBACK' is disabled.
2022-02-13  9:15:55 0 [Note] InnoDB: Buffer pool(s) load completed at 220213  9:15:55
2022-02-13  9:15:55 0 [Note] Server socket created on IP: '::'.
InnoDB: using atomic writes.
2022-02-14 13:29:26 0 [Note] InnoDB: Mutexes and rw_locks use Windows interlocked functions
2022-02-14 13:29:26 0 [Note] InnoDB: Uses event mutexes
2022-02-14 13:29:26 0 [Note] InnoDB: Compressed tables use zlib 1.2.11
2022-02-14 13:29:26 0 [Note] InnoDB: Number of pools: 1
2022-02-14 13:29:26 0 [Note] InnoDB: Using SSE2 crc32 instructions
2022-02-14 13:29:26 0 [Note] InnoDB: Initializing buffer pool, total size = 16M, instances = 1, chunk size = 16M
2022-02-14 13:29:26 0 [Note] InnoDB: Completed initialization of buffer pool
2022-02-14 13:29:26 0 [Note] InnoDB: Starting crash recovery from checkpoint LSN=1244363
2022-02-14 13:29:27 0 [Note] InnoDB: 128 out of 128 rollback segments are active.
2022-02-14 13:29:27 0 [Note] InnoDB: Removed temporary tablespace data file: "ibtmp1"
2022-02-14 13:29:27 0 [Note] InnoDB: Creating shared tablespace for temporary tables
2022-02-14 13:29:27 0 [Note] InnoDB: Setting file 'C:\xampp\mysql\data\ibtmp1' size to 12 MB. Physically writing the file full; Please wait ...
2022-02-14 13:29:27 0 [Note] InnoDB: File 'C:\xampp\mysql\data\ibtmp1' size is now 12 MB.
2022-02-14 13:29:27 0 [Note] InnoDB: Waiting for purge to start
2022-02-14 13:29:27 0 [Note] InnoDB: 10.4.17 started; log sequence number 1244372; transaction id 4052
2022-02-14 13:29:27 0 [Note] InnoDB: Loading buffer pool(s) from C:\xampp\mysql\data\ib_buffer_pool
2022-02-14 13:29:27 0 [Note] Plugin 'FEEDBACK' is disabled.
2022-02-14 13:29:27 0 [Note] Server socket created on IP: '::'.
InnoDB: using atomic writes.
2022-02-16 12:26:40 0 [Note] InnoDB: Mutexes and rw_locks use Windows interlocked functions
2022-02-16 12:26:40 0 [Note] InnoDB: Uses event mutexes
2022-02-16 12:26:40 0 [Note] InnoDB: Compressed tables use zlib 1.2.11
2022-02-16 12:26:40 0 [Note] InnoDB: Number of pools: 1
2022-02-16 12:26:40 0 [Note] InnoDB: Using SSE2 crc32 instructions
2022-02-16 12:26:40 0 [Note] InnoDB: Initializing buffer pool, total size = 16M, instances = 1, chunk size = 16M
2022-02-16 12:26:40 0 [Note] InnoDB: Completed initialization of buffer pool
2022-02-16 12:26:40 0 [Note] InnoDB: Starting crash recovery from checkpoint LSN=1246175
2022-02-16 12:26:41 0 [Note] InnoDB: 128 out of 128 rollback segments are active.
2022-02-16 12:26:41 0 [Note] InnoDB: Removed temporary tablespace data file: "ibtmp1"
2022-02-16 12:26:41 0 [Note] InnoDB: Creating shared tablespace for temporary tables
2022-02-16 12:26:41 0 [Note] InnoDB: Setting file 'C:\xampp\mysql\data\ibtmp1' size to 12 MB. Physically writing the file full; Please wait ...
2022-02-16 12:26:41 0 [Note] InnoDB: File 'C:\xampp\mysql\data\ibtmp1' size is now 12 MB.
2022-02-16 12:26:41 0 [Note] InnoDB: Waiting for purge to start
2022-02-16 12:26:41 0 [Note] InnoDB: 10.4.17 started; log sequence number 1246184; transaction id 4073
2022-02-16 12:26:41 0 [Note] InnoDB: Loading buffer pool(s) from C:\xampp\mysql\data\ib_buffer_pool
2022-02-16 12:26:41 0 [Note] Plugin 'FEEDBACK' is disabled.
2022-02-16 12:26:41 0 [Note] Server socket created on IP: '::'.
